<?xml version="1.0" encoding="utf-8" ?>
<!DOCTYPE html PUBLIC "-//W3C//DTD XHTML 1.0 Strict//EN"
        "http://www.w3.org/TR/xhtml1/DTD/xhtml1-strict.dtd">
<html xmlns="http://www.w3.org/1999/xhtml" xml:lang="" lang="">
<head>
  <title>Test Results Report - Test run on chrome</title>
  <meta http-equiv="Content-Type" content="text/html;charset=utf-8" />
  <meta name="description" content="TestNG unit test results." />
  <link href="reportng.css" rel="stylesheet" type="text/css" />
    <script type="text/javascript" src="reportng.js"></script>
</head>
<body>
<h1>Test run on chrome</h1>
<p>
  Test duration: 162.596s
</p>



  <table class="resultsTable">
    <tr><th colspan="3" class="header failed">Failed Tests</th></tr>
          <tr>
        <td colspan="3" class="group">com.Test.EncoderLoginTest</td>
      </tr>
            
<tr>
  <td class="method">
                  classifyandDe_ReClassifyVtTabular
      </td>
  <td class="duration">
    27.709s
  </td>
  <td class="result">
        
    
            <div class="testOutput">
                        <H4>Repro Steps</H4><br>null
                                <br><a href=D:\Aetiol_Automation\com.Aetiol_Automation\test-output\Screenshot\classifyandDe_ReClassifyVtTabular10_Nov_2016_11_54_29AM.png>Screenshot</a>
                  </div>
    

        <a href="javascript:toggleElement('exception-0', 'block')" title="Click to expand/collapse"><b>org.openqa.selenium.NoSuchElementException: Cannot locate element with text: MH<br/>
For documentation on this error, please visit: http://seleniumhq.org/exceptions/no_such_element.html<br/>
Build info: version: &apos;2.53.0&apos;, revision: &apos;35ae25b&apos;, time: &apos;2016-03-15 16:57:40&apos;<br/>
System info: host: &apos;Akshi&apos;, ip: &apos;192.168.1.31&apos;, os.name: &apos;Windows 8.1&apos;, os.arch: &apos;amd64&apos;, os.version: &apos;6.3&apos;, java.version: &apos;1.8.0_66&apos;<br/>
Driver info: driver.version: ActionDriver</b></a><br />
    <div class="stackTrace" id="exception-0">
              org.openqa.selenium.support.ui.Select.selectByVisibleText(Select.java:150)<br />
              com.GenericLib.ActionDriver.selectDropDown(ActionDriver.java:122)<br />
              com.Pages.EncoderLoginPage.De_ReClassifyVTsTabular(EncoderLoginPage.java:80)<br />
              com.Test.EncoderLoginTest.classifyandDe_ReClassifyVtTabular(EncoderLoginTest.java:62)<br />
              sun.reflect.NativeMethodAccessorImpl.invoke0(Native Method)<br />
              sun.reflect.NativeMethodAccessorImpl.invoke(Unknown Source)<br />
              sun.reflect.DelegatingMethodAccessorImpl.invoke(Unknown Source)<br />
              java.lang.reflect.Method.invoke(Unknown Source)<br />
              org.testng.internal.MethodInvocationHelper.invokeMethod(MethodInvocationHelper.java:85)<br />
              org.testng.internal.Invoker.invokeMethod(Invoker.java:639)<br />
              org.testng.internal.Invoker.invokeTestMethod(Invoker.java:816)<br />
              org.testng.internal.Invoker.invokeTestMethods(Invoker.java:1124)<br />
              org.testng.internal.TestMethodWorker.invokeTestMethods(TestMethodWorker.java:125)<br />
              org.testng.internal.TestMethodWorker.run(TestMethodWorker.java:108)<br />
              org.testng.TestRunner.privateRun(TestRunner.java:774)<br />
              org.testng.TestRunner.run(TestRunner.java:624)<br />
              org.testng.SuiteRunner.runTest(SuiteRunner.java:359)<br />
              org.testng.SuiteRunner.runSequentially(SuiteRunner.java:354)<br />
              org.testng.SuiteRunner.privateRun(SuiteRunner.java:312)<br />
              org.testng.SuiteRunner.run(SuiteRunner.java:261)<br />
              org.testng.SuiteRunnerWorker.runSuite(SuiteRunnerWorker.java:52)<br />
              org.testng.SuiteRunnerWorker.run(SuiteRunnerWorker.java:86)<br />
              org.testng.TestNG.runSuitesSequentially(TestNG.java:1215)<br />
              org.testng.TestNG.runSuitesLocally(TestNG.java:1140)<br />
              org.testng.TestNG.run(TestNG.java:1048)<br />
              org.testng.remote.AbstractRemoteTestNG.run(AbstractRemoteTestNG.java:126)<br />
              org.testng.remote.RemoteTestNG.initAndRun(RemoteTestNG.java:137)<br />
              org.testng.remote.RemoteTestNG.main(RemoteTestNG.java:58)<br />
                </div>
      </td>
</tr>
<tr>
  <td class="method">
                  queryListing
      </td>
  <td class="duration">
    1.932s
  </td>
  <td class="result">
        
    
            <div class="testOutput">
                        <H4>Repro Steps</H4><br>null
                                <br><a href=D:\Aetiol_Automation\com.Aetiol_Automation\test-output\Screenshot\queryListing10_Nov_2016_11_54_32AM.png>Screenshot</a>
                  </div>
    

        <a href="javascript:toggleElement('exception-1', 'block')" title="Click to expand/collapse"><b>org.openqa.selenium.ElementNotVisibleException: element not visible<br/>
&nbsp; (Session info: chrome=54.0.2840.71)<br/>
&nbsp; (Driver info: chromedriver=2.24.417431 (9aea000394714d2fbb20850021f6204f2256b9cf),platform=Windows NT 6.3.9600 x86_64) (WARNING: The server did not provide any stacktrace information)<br/>
Command duration or timeout: 14 milliseconds<br/>
Build info: version: &apos;2.53.0&apos;, revision: &apos;35ae25b&apos;, time: &apos;2016-03-15 16:57:40&apos;<br/>
System info: host: &apos;Akshi&apos;, ip: &apos;192.168.1.31&apos;, os.name: &apos;Windows 8.1&apos;, os.arch: &apos;amd64&apos;, os.version: &apos;6.3&apos;, java.version: &apos;1.8.0_66&apos;<br/>
Driver info: org.openqa.selenium.chrome.ChromeDriver<br/>
Capabilities [{applicationCacheEnabled=false, rotatable=false, mobileEmulationEnabled=false, networkConnectionEnabled=false, chrome={chromedriverVersion=2.24.417431 (9aea000394714d2fbb20850021f6204f2256b9cf), userDataDir=C:\Users\akshi\AppData\Local\Temp\scoped_dir6880_7027}, takesHeapSnapshot=true, pageLoadStrategy=normal, databaseEnabled=false, handlesAlerts=true, hasTouchScreen=false, version=54.0.2840.71, platform=WIN8_1, browserConnectionEnabled=false, nativeEvents=true, acceptSslCerts=true, locationContextEnabled=true, webStorageEnabled=true, browserName=chrome, takesScreenshot=true, javascriptEnabled=true, cssSelectorsEnabled=true}]<br/>
Session ID: 449f289389dc6aa8d11ccb0303e4ce05</b></a><br />
    <div class="stackTrace" id="exception-1">
              sun.reflect.NativeConstructorAccessorImpl.newInstance0(Native Method)<br />
              sun.reflect.NativeConstructorAccessorImpl.newInstance(Unknown Source)<br />
              sun.reflect.DelegatingConstructorAccessorImpl.newInstance(Unknown Source)<br />
              java.lang.reflect.Constructor.newInstance(Unknown Source)<br />
              org.openqa.selenium.remote.ErrorHandler.createThrowable(ErrorHandler.java:206)<br />
              org.openqa.selenium.remote.ErrorHandler.throwIfResponseFailed(ErrorHandler.java:158)<br />
              org.openqa.selenium.remote.RemoteWebDriver.execute(RemoteWebDriver.java:678)<br />
              org.openqa.selenium.remote.RemoteWebElement.execute(RemoteWebElement.java:327)<br />
              org.openqa.selenium.remote.RemoteWebElement.click(RemoteWebElement.java:85)<br />
              com.GenericLib.ActionDriver.click(ActionDriver.java:62)<br />
              com.Pages.EncoderLoginPage.QueryListing(EncoderLoginPage.java:113)<br />
              com.Test.EncoderLoginTest.queryListing(EncoderLoginTest.java:75)<br />
              sun.reflect.NativeMethodAccessorImpl.invoke0(Native Method)<br />
              sun.reflect.NativeMethodAccessorImpl.invoke(Unknown Source)<br />
              sun.reflect.DelegatingMethodAccessorImpl.invoke(Unknown Source)<br />
              java.lang.reflect.Method.invoke(Unknown Source)<br />
              org.testng.internal.MethodInvocationHelper.invokeMethod(MethodInvocationHelper.java:85)<br />
              org.testng.internal.Invoker.invokeMethod(Invoker.java:639)<br />
              org.testng.internal.Invoker.invokeTestMethod(Invoker.java:816)<br />
              org.testng.internal.Invoker.invokeTestMethods(Invoker.java:1124)<br />
              org.testng.internal.TestMethodWorker.invokeTestMethods(TestMethodWorker.java:125)<br />
              org.testng.internal.TestMethodWorker.run(TestMethodWorker.java:108)<br />
              org.testng.TestRunner.privateRun(TestRunner.java:774)<br />
              org.testng.TestRunner.run(TestRunner.java:624)<br />
              org.testng.SuiteRunner.runTest(SuiteRunner.java:359)<br />
              org.testng.SuiteRunner.runSequentially(SuiteRunner.java:354)<br />
              org.testng.SuiteRunner.privateRun(SuiteRunner.java:312)<br />
              org.testng.SuiteRunner.run(SuiteRunner.java:261)<br />
              org.testng.SuiteRunnerWorker.runSuite(SuiteRunnerWorker.java:52)<br />
              org.testng.SuiteRunnerWorker.run(SuiteRunnerWorker.java:86)<br />
              org.testng.TestNG.runSuitesSequentially(TestNG.java:1215)<br />
              org.testng.TestNG.runSuitesLocally(TestNG.java:1140)<br />
              org.testng.TestNG.run(TestNG.java:1048)<br />
              org.testng.remote.AbstractRemoteTestNG.run(AbstractRemoteTestNG.java:126)<br />
              org.testng.remote.RemoteTestNG.initAndRun(RemoteTestNG.java:137)<br />
              org.testng.remote.RemoteTestNG.main(RemoteTestNG.java:58)<br />
                </div>
      </td>
</tr>
      </table>


  <table class="resultsTable">
    <tr><th colspan="3" class="header passed">Passed Tests</th></tr>
          <tr>
        <td colspan="3" class="group">com.Test.EncoderLoginTest</td>
      </tr>
            
<tr>
  <td class="method">
                  <span class="description" title="1. Select change study dropdown<br>2. Click on study">openCRF</span>
      </td>
  <td class="duration">
    1.718s
  </td>
  <td class="result">
        
          <i>Method arguments: </i><span class="arguments">"Autism"</span><br />
    
        

      </td>
</tr>
<tr>
  <td class="method">
                  <span class="description" title="1. Type valid credentials<br>2. Click on login button">verifyLogin</span>
      </td>
  <td class="duration">
    7.226s
  </td>
  <td class="result">
        
          <i>Method arguments: </i><span class="arguments">"tennov", "Akshi@2022"</span><br />
    
        

      </td>
</tr>
          <tr>
        <td colspan="3" class="group">com.Test.EncoderTest</td>
      </tr>
            
<tr>
  <td class="method">
                  DataEntry
      </td>
  <td class="duration">
    15.598s
  </td>
  <td class="result">
        
    
        

      </td>
</tr>
<tr>
  <td class="method">
                  DataEntryFillForm
      </td>
  <td class="duration">
    18.559s
  </td>
  <td class="result">
        
    
        

      </td>
</tr>
<tr>
  <td class="method">
                  createCRFPage
      </td>
  <td class="duration">
    32.873s
  </td>
  <td class="result">
        
    
        

      </td>
</tr>
<tr>
  <td class="method">
                  manageCRF
      </td>
  <td class="duration">
    1.327s
  </td>
  <td class="result">
        
    
        

      </td>
</tr>
<tr>
  <td class="method">
                  mapCRF
      </td>
  <td class="duration">
    14.272s
  </td>
  <td class="result">
        
    
        

      </td>
</tr>
<tr>
  <td class="method">
                  <span class="description" title="1. Select change study dropdown<br>2. Click on study">openCRF</span>
      </td>
  <td class="duration">
    7.561s
  </td>
  <td class="result">
        
          <i>Method arguments: </i><span class="arguments">"Autism"</span><br />
    
        

      </td>
</tr>
<tr>
  <td class="method">
                  <span class="description" title="1. Type valid credentials<br>2. Click on login button">verifyLogin</span>
      </td>
  <td class="duration">
    12.650s
  </td>
  <td class="result">
        
          <i>Method arguments: </i><span class="arguments">"tennov", "Akshi@2022"</span><br />
    
        

      </td>
</tr>
      </table>
  
</body>
</html>
