<?xml version="1.0" encoding="UTF-8"?>
<!-- Generated by org.testng.reporters.JUnitXMLReporter -->
<testsuite hostname="jade031" name="Test run on chrome" tests="14" failures="10" timestamp="29 Jul 2016 05:47:31 GMT" time="54.124" errors="0">
  <testcase name="verifyLogin" time="3.19" classname="com.Test.StudyConfigurationTest"/>
  <testcase name="studyConfiguration" time="0.242" classname="com.Test.StudyConfigurationTest"/>
  <testcase name="createStudy" time="10.232" classname="com.Test.StudyConfigurationTest"/>
  <testcase name="selectStudyDropdown" time="1.112" classname="com.Test.StudyConfigurationTest"/>
  <testcase name="selectStudyDropdown" time="0.059" classname="com.Test.StudyConfigurationTest">
    <failure type="java.lang.NullPointerException">
      <![CDATA[java.lang.NullPointerException
	at org.openqa.selenium.support.ui.Quotes.escape(Quotes.java:42)
	at org.openqa.selenium.support.ui.Select.selectByValue(Select.java:196)
	at com.GenericLib.ActionDriver.selectDropDown(ActionDriver.java:97)
	at com.Pages.StudyConfiguration.clickSelectStudyDropdown(StudyConfiguration.java:59)
	at com.Test.StudyConfigurationTest.selectStudyDropdown(StudyConfigurationTest.java:46)
... Removed 24 stack frames]]>
    </failure>
  </testcase> <!-- selectStudyDropdown -->
  <testcase name="selectStudyDropdown" time="0.052" classname="com.Test.StudyConfigurationTest">
    <failure type="java.lang.NullPointerException">
      <![CDATA[java.lang.NullPointerException
	at org.openqa.selenium.support.ui.Quotes.escape(Quotes.java:42)
	at org.openqa.selenium.support.ui.Select.selectByValue(Select.java:196)
	at com.GenericLib.ActionDriver.selectDropDown(ActionDriver.java:97)
	at com.Pages.StudyConfiguration.clickSelectStudyDropdown(StudyConfiguration.java:59)
	at com.Test.StudyConfigurationTest.selectStudyDropdown(StudyConfigurationTest.java:46)
... Removed 24 stack frames]]>
    </failure>
  </testcase> <!-- selectStudyDropdown -->
  <testcase name="selectStudyDropdown" time="0.026" classname="com.Test.StudyConfigurationTest">
    <failure type="java.lang.NullPointerException">
      <![CDATA[java.lang.NullPointerException
	at org.openqa.selenium.support.ui.Quotes.escape(Quotes.java:42)
	at org.openqa.selenium.support.ui.Select.selectByValue(Select.java:196)
	at com.GenericLib.ActionDriver.selectDropDown(ActionDriver.java:97)
	at com.Pages.StudyConfiguration.clickSelectStudyDropdown(StudyConfiguration.java:59)
	at com.Test.StudyConfigurationTest.selectStudyDropdown(StudyConfigurationTest.java:46)
... Removed 24 stack frames]]>
    </failure>
  </testcase> <!-- selectStudyDropdown -->
  <testcase name="selectStudyDropdown" time="0.044" classname="com.Test.StudyConfigurationTest">
    <failure type="java.lang.NullPointerException">
      <![CDATA[java.lang.NullPointerException
	at org.openqa.selenium.support.ui.Quotes.escape(Quotes.java:42)
	at org.openqa.selenium.support.ui.Select.selectByValue(Select.java:196)
	at com.GenericLib.ActionDriver.selectDropDown(ActionDriver.java:97)
	at com.Pages.StudyConfiguration.clickSelectStudyDropdown(StudyConfiguration.java:59)
	at com.Test.StudyConfigurationTest.selectStudyDropdown(StudyConfigurationTest.java:46)
... Removed 24 stack frames]]>
    </failure>
  </testcase> <!-- selectStudyDropdown -->
  <testcase name="selectStudyDropdown" time="0.024" classname="com.Test.StudyConfigurationTest">
    <failure type="java.lang.NullPointerException">
      <![CDATA[java.lang.NullPointerException
	at org.openqa.selenium.support.ui.Quotes.escape(Quotes.java:42)
	at org.openqa.selenium.support.ui.Select.selectByValue(Select.java:196)
	at com.GenericLib.ActionDriver.selectDropDown(ActionDriver.java:97)
	at com.Pages.StudyConfiguration.clickSelectStudyDropdown(StudyConfiguration.java:59)
	at com.Test.StudyConfigurationTest.selectStudyDropdown(StudyConfigurationTest.java:46)
... Removed 24 stack frames]]>
    </failure>
  </testcase> <!-- selectStudyDropdown -->
  <testcase name="selectStudyDropdown" time="0.018" classname="com.Test.StudyConfigurationTest">
    <failure type="java.lang.NullPointerException">
      <![CDATA[java.lang.NullPointerException
	at org.openqa.selenium.support.ui.Quotes.escape(Quotes.java:42)
	at org.openqa.selenium.support.ui.Select.selectByValue(Select.java:196)
	at com.GenericLib.ActionDriver.selectDropDown(ActionDriver.java:97)
	at com.Pages.StudyConfiguration.clickSelectStudyDropdown(StudyConfiguration.java:59)
	at com.Test.StudyConfigurationTest.selectStudyDropdown(StudyConfigurationTest.java:46)
... Removed 24 stack frames]]>
    </failure>
  </testcase> <!-- selectStudyDropdown -->
  <testcase name="selectStudyDropdown" time="0.052" classname="com.Test.StudyConfigurationTest">
    <failure type="java.lang.NullPointerException">
      <![CDATA[java.lang.NullPointerException
	at org.openqa.selenium.support.ui.Quotes.escape(Quotes.java:42)
	at org.openqa.selenium.support.ui.Select.selectByValue(Select.java:196)
	at com.GenericLib.ActionDriver.selectDropDown(ActionDriver.java:97)
	at com.Pages.StudyConfiguration.clickSelectStudyDropdown(StudyConfiguration.java:59)
	at com.Test.StudyConfigurationTest.selectStudyDropdown(StudyConfigurationTest.java:46)
... Removed 24 stack frames]]>
    </failure>
  </testcase> <!-- selectStudyDropdown -->
  <testcase name="selectStudyDropdown" time="0.018" classname="com.Test.StudyConfigurationTest">
    <failure type="java.lang.NullPointerException">
      <![CDATA[java.lang.NullPointerException
	at org.openqa.selenium.support.ui.Quotes.escape(Quotes.java:42)
	at org.openqa.selenium.support.ui.Select.selectByValue(Select.java:196)
	at com.GenericLib.ActionDriver.selectDropDown(ActionDriver.java:97)
	at com.Pages.StudyConfiguration.clickSelectStudyDropdown(StudyConfiguration.java:59)
	at com.Test.StudyConfigurationTest.selectStudyDropdown(StudyConfigurationTest.java:46)
... Removed 24 stack frames]]>
    </failure>
  </testcase> <!-- selectStudyDropdown -->
  <testcase name="selectStudyDropdown" time="0.02" classname="com.Test.StudyConfigurationTest">
    <failure type="java.lang.NullPointerException">
      <![CDATA[java.lang.NullPointerException
	at org.openqa.selenium.support.ui.Quotes.escape(Quotes.java:42)
	at org.openqa.selenium.support.ui.Select.selectByValue(Select.java:196)
	at com.GenericLib.ActionDriver.selectDropDown(ActionDriver.java:97)
	at com.Pages.StudyConfiguration.clickSelectStudyDropdown(StudyConfiguration.java:59)
	at com.Test.StudyConfigurationTest.selectStudyDropdown(StudyConfigurationTest.java:46)
... Removed 24 stack frames]]>
    </failure>
  </testcase> <!-- selectStudyDropdown -->
  <testcase name="createSiteUserGroupVisit" time="23.236" classname="com.Test.StudyConfigurationTest">
    <failure type="org.openqa.selenium.NoSuchElementException" message="Cannot locate option with index: 1
For documentation on this error, please visit: http://seleniumhq.org/exceptions/no_such_element.html
Build info: version: &amp;apos;2.53.0&amp;apos;, revision: &amp;apos;35ae25b&amp;apos;, time: &amp;apos;2016-03-15 16:57:40&amp;apos;
System info: host: &amp;apos;jade031&amp;apos;, ip: &amp;apos;192.168.1.31&amp;apos;, os.name: &amp;apos;Windows 8.1&amp;apos;, os.arch: &amp;apos;amd64&amp;apos;, os.version: &amp;apos;6.3&amp;apos;, java.version: &amp;apos;1.8.0_66&amp;apos;
Driver info: driver.version: ActionDriver">
      <![CDATA[org.openqa.selenium.NoSuchElementException: Cannot locate option with index: 1
For documentation on this error, please visit: http://seleniumhq.org/exceptions/no_such_element.html
Build info: version: '2.53.0', revision: '35ae25b', time: '2016-03-15 16:57:40'
System info: host: 'jade031', ip: '192.168.1.31', os.name: 'Windows 8.1', os.arch: 'amd64', os.version: '6.3', java.version: '1.8.0_66'
Driver info: driver.version: ActionDriver
	at org.openqa.selenium.support.ui.Select.selectByIndex(Select.java:182)
	at com.GenericLib.ActionDriver.selectDropDownByIndex(ActionDriver.java:103)
	at com.Pages.StudyConfiguration.assignUser(StudyConfiguration.java:112)
	at com.Test.StudyConfigurationTest.createSiteUserGroupVisit(StudyConfigurationTest.java:52)
... Removed 24 stack frames]]>
    </failure>
  </testcase> <!-- createSiteUserGroupVisit -->
</testsuite> <!-- Test run on chrome -->
