<?xml version="1.0" encoding="UTF-8"?>
<!-- Generated by org.testng.reporters.JUnitXMLReporter -->
<testsuite hostname="jade031" name="Test run on chrome(failed)" tests="1" failures="1" timestamp="16 Jun 2016 11:09:42 GMT" time="4.015" errors="0">
  <testcase name="addCommunicationGroup" time="0.131" classname="com.Test.User_DefineRoleTest">
    <failure type="org.testng.TestNGException" message="
The data provider is trying to pass 2 parameters but the method com.Test.User_DefineRoleTest#addCommunicationGroup takes 1">
      <![CDATA[org.testng.TestNGException: 
The data provider is trying to pass 2 parameters but the method com.Test.User_DefineRoleTest#addCommunicationGroup takes 1
... Removed 18 stack frames]]>
    </failure>
  </testcase> <!-- addCommunicationGroup -->
</testsuite> <!-- Test run on chrome(failed) -->
