<?xml version="1.0" encoding="UTF-8"?>
<testsuite name="Test run on chrome"
           tests="2"
           failures="1"
           errors="0"
           skipped="0"
           time="4.035">
  <properties />
            <testcase name="defineRolePage" time="2.272" classname="com.Pages.test">
                <failure type="java.lang.IllegalArgumentException"
                  message="Cannot find elements with a null id attribute."
              >
<![CDATA[java.lang.IllegalArgumentException: Cannot find elements with a null id attribute.
  org.openqa.selenium.By.id(By.java:53)
  com.GenericLib.ActionDriver.check(ActionDriver.java:52)
  com.Pages.User_DefineRole.checkPrivilege(User_DefineRole.java:77)
  com.Test.User_DefineRoleTest.addNewRole(User_DefineRoleTest.java:97)
  com.Pages.test.defineRolePage(test.java:28)
  sun.reflect.NativeMethodAccessorImpl.invoke0(Native Method)
  sun.reflect.NativeMethodAccessorImpl.invoke(Unknown Source)
  sun.reflect.DelegatingMethodAccessorImpl.invoke(Unknown Source)
  java.lang.reflect.Method.invoke(Unknown Source)
  org.testng.internal.MethodInvocationHelper.invokeMethod(MethodInvocationHelper.java:85)
  org.testng.internal.Invoker.invokeMethod(Invoker.java:639)
  org.testng.internal.Invoker.invokeTestMethod(Invoker.java:816)
  org.testng.internal.Invoker.invokeTestMethods(Invoker.java:1124)
  org.testng.internal.TestMethodWorker.invokeTestMethods(TestMethodWorker.java:125)
  org.testng.internal.TestMethodWorker.run(TestMethodWorker.java:108)
  org.testng.TestRunner.privateRun(TestRunner.java:774)
  org.testng.TestRunner.run(TestRunner.java:624)
  org.testng.SuiteRunner.runTest(SuiteRunner.java:359)
  org.testng.SuiteRunner.runSequentially(SuiteRunner.java:354)
  org.testng.SuiteRunner.privateRun(SuiteRunner.java:312)
  org.testng.SuiteRunner.run(SuiteRunner.java:261)
  org.testng.SuiteRunnerWorker.runSuite(SuiteRunnerWorker.java:52)
  org.testng.SuiteRunnerWorker.run(SuiteRunnerWorker.java:86)
  org.testng.TestNG.runSuitesSequentially(TestNG.java:1215)
  org.testng.TestNG.runSuitesLocally(TestNG.java:1140)
  org.testng.TestNG.run(TestNG.java:1048)
  org.testng.remote.AbstractRemoteTestNG.run(AbstractRemoteTestNG.java:126)
  org.testng.remote.RemoteTestNG.initAndRun(RemoteTestNG.java:137)
  org.testng.remote.RemoteTestNG.main(RemoteTestNG.java:58)
]]>
      </failure>

          </testcase>
  
  
            <testcase name="verifyLogin" time="1.763" classname="com.Pages.test" />
      
</testsuite>
